Build started 4/28/2015 6:02:11 PM.
     1>Project "D:\GitHub\GaussianProcess\GaussianProcess\GaussianProcess.vcxproj" on node 2 (build target(s)).
     1>InitializeBuildStatus:
         Creating "x64\Release\GaussianProcess.unsuccessfulbuild" because "AlwaysCreate" was specified.
       ClCompile:
         C:\Program Files (x86)\Microsoft Visual Studio 10.0\VC\bin\x86_amd64\CL.exe /c /I..\opencv\include /Zi /nologo /W3 /WX- /O2 /Oi /GL /D _MBCS /Gm- /EHsc /MD /GS /Gy /fp:precise /Zc:wchar_t /Zc:forScope /Fo"x64\Release\\" /Fd"x64\Release\vc100.pdb" /Gd /TP /errorReport:prompt GaussianProcess.cpp
         GaussianProcess.cpp
       Link:
         C:\Program Files (x86)\Microsoft Visual Studio 10.0\VC\bin\x86_amd64\link.exe /ERRORREPORT:PROMPT /OUT:"D:\GitHub\GaussianProcess\x64\Release\GaussianProcess.exe" /NOLOGO /LIBPATH:..\opencv\lib opencv_core249.lib opencv_highgui249.lib opencv_imgproc249.lib opencv_legacy249.lib opencv_ml249.lib opencv_photo249.lib opencv_video249.lib kernel32.lib user32.lib gdi32.lib winspool.lib comdlg32.lib advapi32.lib shell32.lib ole32.lib oleaut32.lib uuid.lib odbc32.lib odbccp32.lib /MANIFEST /ManifestFile:"x64\Release\GaussianProcess.exe.intermediate.manifest" /MANIFESTUAC:"level='asInvoker' uiAccess='false'" /DEBUG /PDB:"D:\GitHub\GaussianProcess\x64\Release\GaussianProcess.pdb" /SUBSYSTEM:CONSOLE /OPT:REF /OPT:ICF /LTCG /TLBID:1 /DYNAMICBASE /NXCOMPAT /IMPLIB:"D:\GitHub\GaussianProcess\x64\Release\GaussianProcess.lib" /MACHINE:X64 x64\Release\GaussianProcess.obj
         x64\Release\main.obj
         Generating code
         Finished generating code
         GaussianProcess.vcxproj -> D:\GitHub\GaussianProcess\x64\Release\GaussianProcess.exe
       Manifest:
         C:\Program Files (x86)\Microsoft SDKs\Windows\v7.0A\bin\mt.exe /nologo /verbose /outputresource:"D:\GitHub\GaussianProcess\x64\Release\GaussianProcess.exe;#1" /manifest x64\Release\GaussianProcess.exe.intermediate.manifest
       FinalizeBuildStatus:
         Deleting file "x64\Release\GaussianProcess.unsuccessfulbuild".
         Touching "x64\Release\GaussianProcess.lastbuildstate".
     1>Done Building Project "D:\GitHub\GaussianProcess\GaussianProcess\GaussianProcess.vcxproj" (build target(s)).

Build succeeded.

Time Elapsed 00:00:01.69
